../aw_d3b2_bv_solver model_settings.txt veri.dat

 "mfb.txt" No.00 -- focused beam --
medium density                       [kg/m^3] :            1000
speed of sound in the medium            [m/s] :            1500
frequency                                [Hz] :          100000
sound pressure amplitude                 [Pa] :     10+      0I
radius of focused transducer              [m] :           0.045
curvature radius of the transducer        [m] :           0.072
x-component of translation vector         [m] :               0
y-component of translation vector         [m] :               0
z-component of translation vector         [m] :               0
rotation parameter theta                [rad] :               0
rotation parameter psi                  [rad] :               0
sampling number for Gauss-Legendre quadrature :              64
-- additional information --
wavelength                                [m] :           0.015
energy passing through a plane orthogonal to the acoustic axis [W]
                                              : 1.4965495613794e-06

********** object 0 data **********
data file name  : sph_m1_md1.obj
shift parameter : (       0,        0,        0)
--- medium data ---
medium data file name      = medium1.txt
domain id  1 rho0 [kg/m^3] =     970
             c0      [m/s] =    1004

--- mesh data ---
mesh data file name    = sphere_m1.msh
node number            =      602
defined element number =     1200

********** object 1 data **********
data file name  : sph_m1_md1.obj
shift parameter : (       0,        0,    0.011)
--- medium data ---
medium data file name      = medium1.txt
domain id  1 rho0 [kg/m^3] =     970
             c0      [m/s] =    1004

--- mesh data ---
mesh data file name    = sphere_m1.msh
node number            =      602
defined element number =     1200

********** object 2 data **********
data file name  : sph_m1_md1.obj
shift parameter : (       0,        0,   -0.011)
--- medium data ---
medium data file name      = medium1.txt
domain id  1 rho0 [kg/m^3] =     970
             c0      [m/s] =    1004

--- mesh data ---
mesh data file name    = sphere_m1.msh
node number            =      602
defined element number =     1200


initialize boundary value
object id =  0
  solve VP boundary value   finished. Elapsed time :     0 (sec)
object id =  1
  solve VP boundary value   finished. Elapsed time :     0 (sec)
object id =  2
  solve VP boundary value   finished. Elapsed time :     0 (sec)

unit of iterative operation
object id =  0
  add scattered field       finished. Elapsed time :    12 (sec)
object id =  1
  add scattered field       finished. Elapsed time :    10 (sec)
object id =  2
  add scattered field       finished. Elapsed time :    11 (sec)
object id =  0
  solve VP boundary value   finished. Elapsed time :     0 (sec)
object id =  1
  solve VP boundary value   finished. Elapsed time :     0 (sec)
object id =  2
  solve VP boundary value   finished. Elapsed time :     0 (sec)
Estimated time per iteration :    33 (sec)

iterative operation start. convergence criterion cc < 1e-07, iter>10
iter =  0, cc = 0.229216
iter =  1, cc = 0.0833347
iter =  2, cc = 0.0204197
iter =  3, cc = 0.0110087
iter =  4, cc = 0.00119477
iter =  5, cc = 0.000902205
iter =  6, cc = 0.00012788
iter =  7, cc = 8.55481e-05
iter =  8, cc = 1.30397e-05
iter =  9, cc = 7.74137e-06
iter = 10, cc = 1.78551e-06
iter = 11, cc = 6.17199e-07
iter = 12, cc = 2.27292e-07
iter = 13, cc = 5.37726e-08
finished. Elapsed time :   464 (sec)
Done writing veri.dat
