./aw_d3b2_bv_solver model_settings.txt ex2.dat

 "mpw.txt" No.00 -- planewave --
medium density                   [kg/m^3] :            1000
speed of sound in the medium        [m/s] :            1500
frequency                            [Hz] :          100000
sound pressure amplitude             [Pa] :     10+      0I
x-component of translation vector     [m] :               0
y-component of translation vector     [m] :               0
z-component of translation vector     [m] :               0
rotation parameter theta            [rad] :               0
rotation parameter psi              [rad] :               0
-- additional information --
wavelength                            [m] :           0.015
absolute value of sound intensity [W/m^2] : 3.3333333333333e-05
x-component of sound intensity    [W/m^2] :               0
y-component of sound intensity    [W/m^2] :               0
z-component of sound intensity    [W/m^2] : 3.3333333333333e-05

********** object 0 data **********
data file name  : sph_m1_05z_md1.obj
shift parameter : (       0,        0,        0)
--- medium data ---
medium data file name      = medium1.txt
domain id  1 rho0 [kg/m^3] =     970
             c0      [m/s] =    1004

--- mesh data ---
mesh data file name    = sphere_m1_05z.msh
node number            =      602
defined element number =     1200

********** object 1 data **********
data file name  : sph_m1_05z_md1.obj
shift parameter : (   0.011,        0,        0)
--- medium data ---
medium data file name      = medium1.txt
domain id  1 rho0 [kg/m^3] =     970
             c0      [m/s] =    1004

--- mesh data ---
mesh data file name    = sphere_m1_05z.msh
node number            =      602
defined element number =     1200

********** object 2 data **********
data file name  : sph_m1_05z_md1.obj
shift parameter : (  -0.011,        0,        0)
--- medium data ---
medium data file name      = medium1.txt
domain id  1 rho0 [kg/m^3] =     970
             c0      [m/s] =    1004

--- mesh data ---
mesh data file name    = sphere_m1_05z.msh
node number            =      602
defined element number =     1200

********** object 3 data **********
data file name  : sph_m1_05z_md1.obj
shift parameter : (       0,    0.011,        0)
--- medium data ---
medium data file name      = medium1.txt
domain id  1 rho0 [kg/m^3] =     970
             c0      [m/s] =    1004

--- mesh data ---
mesh data file name    = sphere_m1_05z.msh
node number            =      602
defined element number =     1200

********** object 4 data **********
data file name  : sph_m1_05z_md1.obj
shift parameter : (       0,   -0.011,        0)
--- medium data ---
medium data file name      = medium1.txt
domain id  1 rho0 [kg/m^3] =     970
             c0      [m/s] =    1004

--- mesh data ---
mesh data file name    = sphere_m1_05z.msh
node number            =      602
defined element number =     1200


initialize boundary value
object id =  0
  solve VP boundary value   finished. Elapsed time :     0 (sec)
object id =  1
  solve VP boundary value   finished. Elapsed time :     0 (sec)
object id =  2
  solve VP boundary value   finished. Elapsed time :     0 (sec)
object id =  3
  solve VP boundary value   finished. Elapsed time :     0 (sec)
object id =  4
  solve VP boundary value   finished. Elapsed time :     0 (sec)

unit of iterative operation
object id =  0
  add scattered field       finished. Elapsed time :    24 (sec)
object id =  1
  add scattered field       finished. Elapsed time :    19 (sec)
object id =  2
  add scattered field       finished. Elapsed time :    20 (sec)
object id =  3
  add scattered field       finished. Elapsed time :    19 (sec)
object id =  4
  add scattered field       finished. Elapsed time :    20 (sec)
object id =  0
  solve VP boundary value   finished. Elapsed time :     0 (sec)
object id =  1
  solve VP boundary value   finished. Elapsed time :     0 (sec)
object id =  2
  solve VP boundary value   finished. Elapsed time :     0 (sec)
object id =  3
  solve VP boundary value   finished. Elapsed time :     0 (sec)
object id =  4
  solve VP boundary value   finished. Elapsed time :     0 (sec)
Estimated time per iteration :   102 (sec)

iterative operation start. convergence criterion cc < 1e-07, iter>10
iter =  0, cc = 0.013608
iter =  1, cc = 0.000218236
iter =  2, cc = 0.000121906
iter =  3, cc = 2.20841e-06
iter =  4, cc = 9.09375e-07
iter =  5, cc = 2.93679e-08
iter =  6, cc = 6.12091e-09
iter =  7, cc = 3.73248e-10
iter =  8, cc = 3.70817e-11
iter =  9, cc = 4.21601e-12
iter = 10, cc = 2.03143e-13
iter = 11, cc = 4.242e-14
finished. Elapsed time :  1225 (sec)
Done writing ex2.dat
